  [1m[36m (0.8ms)[0m  [1mCREATE TABLE "schema_migrations" ("version" varchar NOT NULL) [0m
  [1m[35m (0.1ms)[0m  select sqlite_version(*)
  [1m[36m (0.7ms)[0m  [1mCREATE UNIQUE INDEX "unique_schema_migrations" ON "schema_migrations" ("version")[0m
  [1m[35mActiveRecord::SchemaMigration Load (0.1ms)[0m  SELECT "schema_migrations".* FROM "schema_migrations"
Migrating to CreateExceptionCanaryStoredExceptions (20150609190330)
  [1m[36m (0.1ms)[0m  [1mbegin transaction[0m
  [1m[35m (0.5ms)[0m  CREATE TABLE "exception_canary_stored_exceptions" ("id" INTEGER PRIMARY KEY AUTOINCREMENT NOT NULL, "title" varchar, "backtrace" varchar, "environment" varchar, "variables" varchar, "created_at" datetime NOT NULL, "updated_at" datetime NOT NULL) 
  [1m[36mSQL (0.1ms)[0m  [1mINSERT INTO "schema_migrations" ("version") VALUES (?)[0m  [["version", "20150609190330"]]
  [1m[35m (0.5ms)[0m  commit transaction
Migrating to CreateExceptionCanaryRules (20150609190337)
  [1m[36m (0.1ms)[0m  [1mbegin transaction[0m
  [1m[35m (0.2ms)[0m  CREATE TABLE "exception_canary_rules" ("id" INTEGER PRIMARY KEY AUTOINCREMENT NOT NULL, "name" varchar, "pattern" varchar, "type" integer, "action" integer, "notification_vectors" varchar, "created_at" datetime NOT NULL, "updated_at" datetime NOT NULL) 
  [1m[36mSQL (0.1ms)[0m  [1mINSERT INTO "schema_migrations" ("version") VALUES (?)[0m  [["version", "20150609190337"]]
  [1m[35m (0.5ms)[0m  commit transaction
  [1m[36mActiveRecord::SchemaMigration Load (0.1ms)[0m  [1mSELECT "schema_migrations".* FROM "schema_migrations"[0m
  [1m[36m (1.0ms)[0m  [1mCREATE TABLE "schema_migrations" ("version" varchar NOT NULL) [0m
  [1m[35m (0.1ms)[0m  select sqlite_version(*)
  [1m[36m (1.0ms)[0m  [1mCREATE UNIQUE INDEX "unique_schema_migrations" ON "schema_migrations" ("version")[0m
  [1m[35mActiveRecord::SchemaMigration Load (0.1ms)[0m  SELECT "schema_migrations".* FROM "schema_migrations"
Migrating to CreateExceptionCanaryRules (20150609190337)
  [1m[36m (0.1ms)[0m  [1mbegin transaction[0m
  [1m[35m (0.4ms)[0m  CREATE TABLE "exception_canary_rules" ("id" INTEGER PRIMARY KEY AUTOINCREMENT NOT NULL, "name" varchar, "action" integer, "notification_vectors" varchar, "is_active" boolean, "created_at" datetime NOT NULL, "updated_at" datetime NOT NULL) 
  [1m[36mSQL (0.1ms)[0m  [1mINSERT INTO "schema_migrations" ("version") VALUES (?)[0m  [["version", "20150609190337"]]
  [1m[35m (0.6ms)[0m  commit transaction
Migrating to CreateExceptionCanaryConditions (20150609191755)
  [1m[36m (0.1ms)[0m  [1mbegin transaction[0m
  [1m[35m (0.2ms)[0m  CREATE TABLE "exception_canary_conditions" ("id" INTEGER PRIMARY KEY AUTOINCREMENT NOT NULL, "rule_id" integer, "field" integer, "operation" integer, "value" varchar, "created_at" datetime NOT NULL, "updated_at" datetime NOT NULL) 
  [1m[36mSQL (0.1ms)[0m  [1mINSERT INTO "schema_migrations" ("version") VALUES (?)[0m  [["version", "20150609191755"]]
  [1m[35m (0.6ms)[0m  commit transaction
  [1m[36mActiveRecord::SchemaMigration Load (0.1ms)[0m  [1mSELECT "schema_migrations".* FROM "schema_migrations"[0m
  [1m[36mActiveRecord::SchemaMigration Load (0.1ms)[0m  [1mSELECT "schema_migrations".* FROM "schema_migrations"[0m
Migrating to CreateExceptionCanaryConditionGroups (20150609202422)
  [1m[35m (0.1ms)[0m  begin transaction
  [1m[36m (0.0ms)[0m  [1mrollback transaction[0m
  [1m[36mActiveRecord::SchemaMigration Load (0.1ms)[0m  [1mSELECT "schema_migrations".* FROM "schema_migrations"[0m
Migrating to CreateExceptionCanaryConditionGroups (20150609202422)
  [1m[35m (0.0ms)[0m  begin transaction
  [1m[36m (0.4ms)[0m  [1mCREATE TABLE "exception_canary_condition_groups" ("id" INTEGER PRIMARY KEY AUTOINCREMENT NOT NULL, "rule_id" integer, "condition_group_id" integer, "operator" integer, "created_at" datetime NOT NULL, "updated_at" datetime NOT NULL) [0m
  [1m[35mSQL (0.3ms)[0m  INSERT INTO "schema_migrations" ("version") VALUES (?)  [["version", "20150609202422"]]
  [1m[36m (0.9ms)[0m  [1mcommit transaction[0m
  [1m[35mActiveRecord::SchemaMigration Load (0.1ms)[0m  SELECT "schema_migrations".* FROM "schema_migrations"
  [1m[36m (1.3ms)[0m  [1mCREATE TABLE "schema_migrations" ("version" varchar NOT NULL) [0m
  [1m[35m (0.1ms)[0m  select sqlite_version(*)
  [1m[36m (0.5ms)[0m  [1mCREATE UNIQUE INDEX "unique_schema_migrations" ON "schema_migrations" ("version")[0m
  [1m[35mActiveRecord::SchemaMigration Load (0.0ms)[0m  SELECT "schema_migrations".* FROM "schema_migrations"
Migrating to CreateExceptionCanaryRules (20150609190337)
  [1m[36m (0.1ms)[0m  [1mbegin transaction[0m
  [1m[35m (0.3ms)[0m  CREATE TABLE "exception_canary_rules" ("id" INTEGER PRIMARY KEY AUTOINCREMENT NOT NULL, "name" varchar, "action" integer, "notification_vectors" varchar, "is_active" boolean, "created_at" datetime NOT NULL, "updated_at" datetime NOT NULL) 
  [1m[36mSQL (0.1ms)[0m  [1mINSERT INTO "schema_migrations" ("version") VALUES (?)[0m  [["version", "20150609190337"]]
  [1m[35m (0.6ms)[0m  commit transaction
Migrating to CreateExceptionCanaryConditions (20150609191755)
  [1m[36m (0.0ms)[0m  [1mbegin transaction[0m
  [1m[35m (0.2ms)[0m  CREATE TABLE "exception_canary_conditions" ("id" INTEGER PRIMARY KEY AUTOINCREMENT NOT NULL, "rule_id" integer, "field" integer, "field_value" varchar, "operation" integer, "value" varchar, "created_at" datetime NOT NULL, "updated_at" datetime NOT NULL) 
  [1m[36mSQL (0.1ms)[0m  [1mINSERT INTO "schema_migrations" ("version") VALUES (?)[0m  [["version", "20150609191755"]]
  [1m[35m (0.4ms)[0m  commit transaction
Migrating to CreateExceptionCanaryConditionGroups (20150609202422)
  [1m[36m (0.0ms)[0m  [1mbegin transaction[0m
  [1m[35m (0.2ms)[0m  CREATE TABLE "exception_canary_condition_groups" ("id" INTEGER PRIMARY KEY AUTOINCREMENT NOT NULL, "rule_id" integer, "condition_group_id" integer, "operator" integer, "created_at" datetime NOT NULL, "updated_at" datetime NOT NULL) 
  [1m[36mSQL (0.1ms)[0m  [1mINSERT INTO "schema_migrations" ("version") VALUES (?)[0m  [["version", "20150609202422"]]
  [1m[35m (0.5ms)[0m  commit transaction
  [1m[36mActiveRecord::SchemaMigration Load (0.1ms)[0m  [1mSELECT "schema_migrations".* FROM "schema_migrations"[0m
  [1m[36m (0.8ms)[0m  [1mCREATE TABLE "schema_migrations" ("version" varchar NOT NULL) [0m
  [1m[35m (0.0ms)[0m  select sqlite_version(*)
  [1m[36m (0.6ms)[0m  [1mCREATE UNIQUE INDEX "unique_schema_migrations" ON "schema_migrations" ("version")[0m
  [1m[35mActiveRecord::SchemaMigration Load (0.1ms)[0m  SELECT "schema_migrations".* FROM "schema_migrations"
Migrating to CreateExceptionCanaryRules (20150609190337)
  [1m[36m (0.0ms)[0m  [1mbegin transaction[0m
  [1m[35m (0.4ms)[0m  CREATE TABLE "exception_canary_rules" ("id" INTEGER PRIMARY KEY AUTOINCREMENT NOT NULL, "name" varchar, "action" integer, "notification_vectors" varchar, "is_active" boolean, "created_at" datetime NOT NULL, "updated_at" datetime NOT NULL) 
  [1m[36mSQL (0.1ms)[0m  [1mINSERT INTO "schema_migrations" ("version") VALUES (?)[0m  [["version", "20150609190337"]]
  [1m[35m (0.6ms)[0m  commit transaction
Migrating to CreateExceptionCanaryConditions (20150609191755)
  [1m[36m (0.0ms)[0m  [1mbegin transaction[0m
  [1m[35m (0.2ms)[0m  CREATE TABLE "exception_canary_conditions" ("id" INTEGER PRIMARY KEY AUTOINCREMENT NOT NULL, "rule_id" integer, "field" varchar, "field_value" varchar, "operation" varchar, "value" varchar, "created_at" datetime NOT NULL, "updated_at" datetime NOT NULL) 
  [1m[36mSQL (0.1ms)[0m  [1mINSERT INTO "schema_migrations" ("version") VALUES (?)[0m  [["version", "20150609191755"]]
  [1m[35m (0.5ms)[0m  commit transaction
Migrating to CreateExceptionCanaryConditionGroups (20150609202422)
  [1m[36m (0.1ms)[0m  [1mbegin transaction[0m
  [1m[35m (0.3ms)[0m  CREATE TABLE "exception_canary_condition_groups" ("id" INTEGER PRIMARY KEY AUTOINCREMENT NOT NULL, "rule_id" integer, "condition_group_id" integer, "operator" integer, "created_at" datetime NOT NULL, "updated_at" datetime NOT NULL) 
  [1m[36mSQL (0.1ms)[0m  [1mINSERT INTO "schema_migrations" ("version") VALUES (?)[0m  [["version", "20150609202422"]]
  [1m[35m (0.5ms)[0m  commit transaction
  [1m[36mActiveRecord::SchemaMigration Load (0.1ms)[0m  [1mSELECT "schema_migrations".* FROM "schema_migrations"[0m
  [1m[36m (1.1ms)[0m  [1mCREATE TABLE "schema_migrations" ("version" varchar NOT NULL) [0m
  [1m[35m (0.1ms)[0m  select sqlite_version(*)
  [1m[36m (0.9ms)[0m  [1mCREATE UNIQUE INDEX "unique_schema_migrations" ON "schema_migrations" ("version")[0m
  [1m[35mActiveRecord::SchemaMigration Load (0.1ms)[0m  SELECT "schema_migrations".* FROM "schema_migrations"
Migrating to CreateExceptionCanaryRules (20150609190337)
  [1m[36m (0.1ms)[0m  [1mbegin transaction[0m
  [1m[35m (0.4ms)[0m  CREATE TABLE "exception_canary_rules" ("id" INTEGER PRIMARY KEY AUTOINCREMENT NOT NULL, "name" varchar, "action" integer, "notification_vectors" varchar, "is_active" boolean, "created_at" datetime NOT NULL, "updated_at" datetime NOT NULL) 
  [1m[36mSQL (0.1ms)[0m  [1mINSERT INTO "schema_migrations" ("version") VALUES (?)[0m  [["version", "20150609190337"]]
  [1m[35m (0.6ms)[0m  commit transaction
Migrating to CreateExceptionCanaryConditions (20150609191755)
  [1m[36m (0.0ms)[0m  [1mbegin transaction[0m
  [1m[35m (0.3ms)[0m  CREATE TABLE "exception_canary_conditions" ("id" INTEGER PRIMARY KEY AUTOINCREMENT NOT NULL, "rule_id" integer, "field" varchar, "field_value" varchar, "operation" varchar, "value" varchar, "created_at" datetime NOT NULL, "updated_at" datetime NOT NULL) 
  [1m[36mSQL (0.1ms)[0m  [1mINSERT INTO "schema_migrations" ("version") VALUES (?)[0m  [["version", "20150609191755"]]
  [1m[35m (0.5ms)[0m  commit transaction
Migrating to CreateExceptionCanaryConditionGroups (20150609202422)
  [1m[36m (0.0ms)[0m  [1mbegin transaction[0m
  [1m[35m (0.2ms)[0m  CREATE TABLE "exception_canary_condition_groups" ("id" INTEGER PRIMARY KEY AUTOINCREMENT NOT NULL, "rule_id" integer, "condition_group_id" integer, "operator" integer, "created_at" datetime NOT NULL, "updated_at" datetime NOT NULL) 
  [1m[36mSQL (0.1ms)[0m  [1mINSERT INTO "schema_migrations" ("version") VALUES (?)[0m  [["version", "20150609202422"]]
  [1m[35m (0.5ms)[0m  commit transaction
  [1m[36mActiveRecord::SchemaMigration Load (0.1ms)[0m  [1mSELECT "schema_migrations".* FROM "schema_migrations"[0m
  [1m[36mActiveRecord::SchemaMigration Load (0.1ms)[0m  [1mSELECT "schema_migrations".* FROM "schema_migrations"[0m
Migrating to CreateStoredExceptions (20150615201509)
  [1m[35m (0.1ms)[0m  begin transaction
  [1m[36m (0.4ms)[0m  [1mCREATE TABLE "stored_exceptions" ("id" INTEGER PRIMARY KEY AUTOINCREMENT NOT NULL, "title" varchar, "backtrace" varchar, "environment" varchar, "variables" varchar) [0m
  [1m[35mSQL (0.1ms)[0m  INSERT INTO "schema_migrations" ("version") VALUES (?)  [["version", "20150615201509"]]
  [1m[36m (0.6ms)[0m  [1mcommit transaction[0m
  [1m[35mActiveRecord::SchemaMigration Load (0.1ms)[0m  SELECT "schema_migrations".* FROM "schema_migrations"
  [1m[36mActiveRecord::SchemaMigration Load (0.1ms)[0m  [1mSELECT "schema_migrations".* FROM "schema_migrations"[0m
Migrating to CreateExceptionRule (20150615202305)
  [1m[35m (0.1ms)[0m  begin transaction
  [1m[36m (0.3ms)[0m  [1mCREATE TABLE "exception_rules" ("id" INTEGER PRIMARY KEY AUTOINCREMENT NOT NULL, "exception_id" integer, "rule_id" integer) [0m
  [1m[35mSQL (0.1ms)[0m  INSERT INTO "schema_migrations" ("version") VALUES (?)  [["version", "20150615202305"]]
  [1m[36m (1.0ms)[0m  [1mcommit transaction[0m
  [1m[35mActiveRecord::SchemaMigration Load (0.1ms)[0m  SELECT "schema_migrations".* FROM "schema_migrations"
  [1m[36mActiveRecord::SchemaMigration Load (0.1ms)[0m  [1mSELECT "schema_migrations".* FROM "schema_migrations"[0m
  [1m[35mActiveRecord::SchemaMigration Load (0.0ms)[0m  SELECT "schema_migrations".* FROM "schema_migrations"
Migrating to CreateExceptionRule (20150615202305)
  [1m[36m (0.0ms)[0m  [1mbegin transaction[0m
  [1m[35m (0.2ms)[0m  DROP TABLE "exception_canary_exception_rules"
SQLite3::SQLException: no such table: exception_canary_exception_rules: DROP TABLE "exception_canary_exception_rules"
  [1m[36m (0.1ms)[0m  [1mrollback transaction[0m
  [1m[36mActiveRecord::SchemaMigration Load (0.1ms)[0m  [1mSELECT "schema_migrations".* FROM "schema_migrations"[0m
  [1m[35mActiveRecord::SchemaMigration Load (0.1ms)[0m  SELECT "schema_migrations".* FROM "schema_migrations"
Migrating to CreateExceptionRule (20150615202305)
  [1m[36m (0.0ms)[0m  [1mbegin transaction[0m
  [1m[35m (0.8ms)[0m  DROP TABLE "exception_rules"
  [1m[36mSQL (0.1ms)[0m  [1mDELETE FROM "schema_migrations" WHERE "schema_migrations"."version" = ?[0m  [["version", "20150615202305"]]
  [1m[35m (0.5ms)[0m  commit transaction
  [1m[36mActiveRecord::SchemaMigration Load (0.1ms)[0m  [1mSELECT "schema_migrations".* FROM "schema_migrations"[0m
  [1m[36mActiveRecord::SchemaMigration Load (0.1ms)[0m  [1mSELECT "schema_migrations".* FROM "schema_migrations"[0m
  [1m[35mActiveRecord::SchemaMigration Load (0.0ms)[0m  SELECT "schema_migrations".* FROM "schema_migrations"
Migrating to CreateStoredExceptions (20150615201509)
  [1m[36m (0.0ms)[0m  [1mbegin transaction[0m
  [1m[35m (0.3ms)[0m  DROP TABLE "stored_exceptions"
  [1m[36mSQL (0.1ms)[0m  [1mDELETE FROM "schema_migrations" WHERE "schema_migrations"."version" = ?[0m  [["version", "20150615201509"]]
  [1m[35m (1.4ms)[0m  commit transaction
  [1m[36mActiveRecord::SchemaMigration Load (0.1ms)[0m  [1mSELECT "schema_migrations".* FROM "schema_migrations"[0m
  [1m[36mActiveRecord::SchemaMigration Load (0.1ms)[0m  [1mSELECT "schema_migrations".* FROM "schema_migrations"[0m
Migrating to CreateStoredExceptions (20150615201509)
  [1m[35m (0.1ms)[0m  begin transaction
  [1m[36m (0.4ms)[0m  [1mCREATE TABLE "exception_canary_stored_exceptions" ("id" INTEGER PRIMARY KEY AUTOINCREMENT NOT NULL, "title" varchar, "backtrace" varchar, "environment" varchar, "variables" varchar) [0m
  [1m[35mSQL (0.1ms)[0m  INSERT INTO "schema_migrations" ("version") VALUES (?)  [["version", "20150615201509"]]
  [1m[36m (1.0ms)[0m  [1mcommit transaction[0m
Migrating to CreateExceptionRule (20150615202305)
  [1m[35m (0.0ms)[0m  begin transaction
  [1m[36m (0.3ms)[0m  [1mCREATE TABLE "exception_canary_exception_rules" ("id" INTEGER PRIMARY KEY AUTOINCREMENT NOT NULL, "exception_id" integer, "rule_id" integer) [0m
  [1m[35mSQL (0.1ms)[0m  INSERT INTO "schema_migrations" ("version") VALUES (?)  [["version", "20150615202305"]]
  [1m[36m (0.5ms)[0m  [1mcommit transaction[0m
  [1m[35mActiveRecord::SchemaMigration Load (0.1ms)[0m  SELECT "schema_migrations".* FROM "schema_migrations"
Connecting to database specified by database.yml
Connecting to database specified by database.yml
Connecting to database specified by database.yml
Connecting to database specified by database.yml
Connecting to database specified by database.yml
  [1m[36m (0.9ms)[0m  [1mCREATE TABLE "exception_canary_condition_groups" ("id" INTEGER PRIMARY KEY AUTOINCREMENT NOT NULL, "rule_id" integer, "condition_group_id" integer, "operator" integer, "created_at" datetime NOT NULL, "updated_at" datetime NOT NULL) [0m
  [1m[35m (0.7ms)[0m  CREATE TABLE "exception_canary_conditions" ("id" INTEGER PRIMARY KEY AUTOINCREMENT NOT NULL, "rule_id" integer, "field" varchar, "field_value" varchar, "operation" varchar, "value" varchar, "created_at" datetime NOT NULL, "updated_at" datetime NOT NULL) 
  [1m[36m (1.4ms)[0m  [1mCREATE TABLE "exception_canary_exception_rules" ("id" INTEGER PRIMARY KEY AUTOINCREMENT NOT NULL, "exception_id" integer, "rule_id" integer) [0m
  [1m[35m (0.7ms)[0m  CREATE TABLE "exception_canary_rules" ("id" INTEGER PRIMARY KEY AUTOINCREMENT NOT NULL, "name" varchar, "action" integer, "notification_vectors" varchar, "is_active" boolean, "created_at" datetime NOT NULL, "updated_at" datetime NOT NULL) 
  [1m[36m (0.6ms)[0m  [1mCREATE TABLE "exception_canary_stored_exceptions" ("id" INTEGER PRIMARY KEY AUTOINCREMENT NOT NULL, "title" varchar, "backtrace" varchar, "environment" varchar, "variables" varchar) [0m
  [1m[35m (0.7ms)[0m  CREATE TABLE "schema_migrations" ("version" varchar NOT NULL) 
  [1m[36m (0.1ms)[0m  [1mselect sqlite_version(*)[0m
  [1m[35m (0.6ms)[0m  CREATE UNIQUE INDEX "unique_schema_migrations" ON "schema_migrations" ("version")
  [1m[36m (0.1ms)[0m  [1mSELECT version FROM "schema_migrations"[0m
  [1m[35m (0.6ms)[0m  INSERT INTO "schema_migrations" (version) VALUES ('20150615202305')
  [1m[36m (0.5ms)[0m  [1mINSERT INTO "schema_migrations" (version) VALUES ('20150609190337')[0m
  [1m[35m (0.6ms)[0m  INSERT INTO "schema_migrations" (version) VALUES ('20150609191755')
  [1m[36m (0.4ms)[0m  [1mINSERT INTO "schema_migrations" (version) VALUES ('20150609202422')[0m
  [1m[35m (0.6ms)[0m  INSERT INTO "schema_migrations" (version) VALUES ('20150615201509')
  [1m[36m (1.9ms)[0m  [1mCREATE TABLE "exception_canary_condition_groups" ("id" INTEGER PRIMARY KEY AUTOINCREMENT NOT NULL, "rule_id" integer, "condition_group_id" integer, "operator" integer, "created_at" datetime NOT NULL, "updated_at" datetime NOT NULL) [0m
  [1m[35m (0.9ms)[0m  CREATE TABLE "exception_canary_conditions" ("id" INTEGER PRIMARY KEY AUTOINCREMENT NOT NULL, "rule_id" integer, "field" varchar, "field_value" varchar, "operation" varchar, "value" varchar, "created_at" datetime NOT NULL, "updated_at" datetime NOT NULL) 
  [1m[36m (1.1ms)[0m  [1mCREATE TABLE "exception_canary_exception_rules" ("id" INTEGER PRIMARY KEY AUTOINCREMENT NOT NULL, "exception_id" integer, "rule_id" integer) [0m
  [1m[35m (0.8ms)[0m  CREATE TABLE "exception_canary_rules" ("id" INTEGER PRIMARY KEY AUTOINCREMENT NOT NULL, "name" varchar, "action" integer, "notification_vectors" varchar, "is_active" boolean, "created_at" datetime NOT NULL, "updated_at" datetime NOT NULL) 
  [1m[36m (0.7ms)[0m  [1mCREATE TABLE "exception_canary_stored_exceptions" ("id" INTEGER PRIMARY KEY AUTOINCREMENT NOT NULL, "title" varchar, "backtrace" varchar, "environment" varchar, "variables" varchar) [0m
  [1m[35m (0.7ms)[0m  CREATE TABLE "schema_migrations" ("version" varchar NOT NULL) 
  [1m[36m (0.1ms)[0m  [1mselect sqlite_version(*)[0m
  [1m[35m (0.6ms)[0m  CREATE UNIQUE INDEX "unique_schema_migrations" ON "schema_migrations" ("version")
  [1m[36m (0.1ms)[0m  [1mSELECT version FROM "schema_migrations"[0m
  [1m[35m (0.5ms)[0m  INSERT INTO "schema_migrations" (version) VALUES ('20150615202305')
  [1m[36m (0.5ms)[0m  [1mINSERT INTO "schema_migrations" (version) VALUES ('20150609190337')[0m
  [1m[35m (0.5ms)[0m  INSERT INTO "schema_migrations" (version) VALUES ('20150609191755')
  [1m[36m (0.5ms)[0m  [1mINSERT INTO "schema_migrations" (version) VALUES ('20150609202422')[0m
  [1m[35m (0.5ms)[0m  INSERT INTO "schema_migrations" (version) VALUES ('20150615201509')
Connecting to database specified by database.yml
Connecting to database specified by database.yml
Connecting to database specified by database.yml
Connecting to database specified by database.yml
Connecting to database specified by database.yml
Connecting to database specified by database.yml
  [1m[36m (0.1ms)[0m  [1mselect sqlite_version(*)[0m
  [1m[35m (1.0ms)[0m  CREATE TABLE "schema_migrations" ("version" varchar(255) NOT NULL) 
  [1m[36m (0.7ms)[0m  [1mCREATE UNIQUE INDEX "unique_schema_migrations" ON "schema_migrations" ("version")[0m
  [1m[35m (0.0ms)[0m  SELECT "schema_migrations"."version" FROM "schema_migrations" 
Connecting to database specified by database.yml
  [1m[36m (0.0ms)[0m  [1mSELECT "schema_migrations"."version" FROM "schema_migrations" [0m
  [1m[36m (0.7ms)[0m  [1mCREATE TABLE "exception_canary_condition_groups" ("id" INTEGER PRIMARY KEY AUTOINCREMENT NOT NULL, "rule_id" integer, "condition_group_id" integer, "operator" integer, "created_at" datetime NOT NULL, "updated_at" datetime NOT NULL) [0m
  [1m[35m (0.6ms)[0m  CREATE TABLE "exception_canary_conditions" ("id" INTEGER PRIMARY KEY AUTOINCREMENT NOT NULL, "rule_id" integer, "field" varchar, "field_value" varchar, "operation" varchar, "value" varchar, "created_at" datetime NOT NULL, "updated_at" datetime NOT NULL) 
  [1m[36m (0.9ms)[0m  [1mCREATE TABLE "exception_canary_exception_rules" ("id" INTEGER PRIMARY KEY AUTOINCREMENT NOT NULL, "exception_id" integer, "rule_id" integer) [0m
  [1m[35m (0.6ms)[0m  CREATE TABLE "exception_canary_rules" ("id" INTEGER PRIMARY KEY AUTOINCREMENT NOT NULL, "name" varchar, "action" integer, "notification_vectors" varchar, "is_active" boolean, "created_at" datetime NOT NULL, "updated_at" datetime NOT NULL) 
  [1m[36m (0.6ms)[0m  [1mCREATE TABLE "exception_canary_stored_exceptions" ("id" INTEGER PRIMARY KEY AUTOINCREMENT NOT NULL, "title" varchar, "backtrace" varchar, "environment" varchar, "variables" varchar) [0m
  [1m[35m (0.6ms)[0m  CREATE TABLE "schema_migrations" ("version" varchar NOT NULL) 
  [1m[36m (0.0ms)[0m  [1mselect sqlite_version(*)[0m
  [1m[35m (0.6ms)[0m  CREATE UNIQUE INDEX "unique_schema_migrations" ON "schema_migrations" ("version")
  [1m[36m (0.1ms)[0m  [1mSELECT version FROM "schema_migrations"[0m
  [1m[35m (0.6ms)[0m  INSERT INTO "schema_migrations" (version) VALUES ('20150615202305')
  [1m[36m (0.6ms)[0m  [1mINSERT INTO "schema_migrations" (version) VALUES ('20150609190337')[0m
  [1m[35m (0.6ms)[0m  INSERT INTO "schema_migrations" (version) VALUES ('20150609191755')
  [1m[36m (0.5ms)[0m  [1mINSERT INTO "schema_migrations" (version) VALUES ('20150609202422')[0m
  [1m[35m (0.4ms)[0m  INSERT INTO "schema_migrations" (version) VALUES ('20150615201509')
  [1m[36m (1.0ms)[0m  [1mCREATE TABLE "exception_canary_condition_groups" ("id" INTEGER PRIMARY KEY AUTOINCREMENT NOT NULL, "rule_id" integer, "condition_group_id" integer, "operator" integer, "created_at" datetime NOT NULL, "updated_at" datetime NOT NULL) [0m
  [1m[35m (0.9ms)[0m  CREATE TABLE "exception_canary_conditions" ("id" INTEGER PRIMARY KEY AUTOINCREMENT NOT NULL, "rule_id" integer, "field" varchar, "field_value" varchar, "operation" varchar, "value" varchar, "created_at" datetime NOT NULL, "updated_at" datetime NOT NULL) 
  [1m[36m (1.0ms)[0m  [1mCREATE TABLE "exception_canary_exception_rules" ("id" INTEGER PRIMARY KEY AUTOINCREMENT NOT NULL, "exception_id" integer, "rule_id" integer) [0m
  [1m[35m (0.7ms)[0m  CREATE TABLE "exception_canary_rules" ("id" INTEGER PRIMARY KEY AUTOINCREMENT NOT NULL, "name" varchar, "action" integer, "notification_vectors" varchar, "is_active" boolean, "created_at" datetime NOT NULL, "updated_at" datetime NOT NULL) 
  [1m[36m (0.6ms)[0m  [1mCREATE TABLE "exception_canary_stored_exceptions" ("id" INTEGER PRIMARY KEY AUTOINCREMENT NOT NULL, "title" varchar, "backtrace" varchar, "environment" varchar, "variables" varchar) [0m
  [1m[35m (0.7ms)[0m  CREATE TABLE "schema_migrations" ("version" varchar NOT NULL) 
  [1m[36m (0.0ms)[0m  [1mselect sqlite_version(*)[0m
  [1m[35m (0.6ms)[0m  CREATE UNIQUE INDEX "unique_schema_migrations" ON "schema_migrations" ("version")
  [1m[36m (0.1ms)[0m  [1mSELECT version FROM "schema_migrations"[0m
  [1m[35m (0.5ms)[0m  INSERT INTO "schema_migrations" (version) VALUES ('20150615202305')
  [1m[36m (0.5ms)[0m  [1mINSERT INTO "schema_migrations" (version) VALUES ('20150609190337')[0m
  [1m[35m (0.5ms)[0m  INSERT INTO "schema_migrations" (version) VALUES ('20150609191755')
  [1m[36m (0.5ms)[0m  [1mINSERT INTO "schema_migrations" (version) VALUES ('20150609202422')[0m
  [1m[35m (0.5ms)[0m  INSERT INTO "schema_migrations" (version) VALUES ('20150615201509')
  [1m[36m (1.3ms)[0m  [1mCREATE TABLE "exception_canary_condition_groups" ("id" INTEGER PRIMARY KEY AUTOINCREMENT NOT NULL, "rule_id" integer, "condition_group_id" integer, "operator" integer, "created_at" datetime NOT NULL, "updated_at" datetime NOT NULL) [0m
  [1m[35m (1.9ms)[0m  CREATE TABLE "exception_canary_conditions" ("id" INTEGER PRIMARY KEY AUTOINCREMENT NOT NULL, "rule_id" integer, "field" varchar, "field_value" varchar, "operation" varchar, "value" varchar, "created_at" datetime NOT NULL, "updated_at" datetime NOT NULL) 
  [1m[36m (0.8ms)[0m  [1mCREATE TABLE "exception_canary_exception_rules" ("id" INTEGER PRIMARY KEY AUTOINCREMENT NOT NULL, "exception_id" integer, "rule_id" integer) [0m
  [1m[35m (0.7ms)[0m  CREATE TABLE "exception_canary_rules" ("id" INTEGER PRIMARY KEY AUTOINCREMENT NOT NULL, "name" varchar, "action" integer, "notification_vectors" varchar, "is_active" boolean, "created_at" datetime NOT NULL, "updated_at" datetime NOT NULL) 
  [1m[36m (0.8ms)[0m  [1mCREATE TABLE "exception_canary_stored_exceptions" ("id" INTEGER PRIMARY KEY AUTOINCREMENT NOT NULL, "title" varchar, "backtrace" varchar, "environment" varchar, "variables" varchar) [0m
  [1m[35m (0.8ms)[0m  CREATE TABLE "schema_migrations" ("version" varchar NOT NULL) 
  [1m[36m (0.1ms)[0m  [1mselect sqlite_version(*)[0m
  [1m[35m (0.7ms)[0m  CREATE UNIQUE INDEX "unique_schema_migrations" ON "schema_migrations" ("version")
  [1m[36m (0.1ms)[0m  [1mSELECT version FROM "schema_migrations"[0m
  [1m[35m (0.6ms)[0m  INSERT INTO "schema_migrations" (version) VALUES ('20150615202305')
  [1m[36m (0.5ms)[0m  [1mINSERT INTO "schema_migrations" (version) VALUES ('20150609190337')[0m
  [1m[35m (0.5ms)[0m  INSERT INTO "schema_migrations" (version) VALUES ('20150609191755')
  [1m[36m (0.7ms)[0m  [1mINSERT INTO "schema_migrations" (version) VALUES ('20150609202422')[0m
  [1m[35m (0.9ms)[0m  INSERT INTO "schema_migrations" (version) VALUES ('20150615201509')
  [1m[36m (1.7ms)[0m  [1mCREATE TABLE "schema_migrations" ("version" varchar NOT NULL) [0m
  [1m[35m (0.1ms)[0m  select sqlite_version(*)
  [1m[36m (0.7ms)[0m  [1mCREATE UNIQUE INDEX "unique_schema_migrations" ON "schema_migrations" ("version")[0m
  [1m[35mActiveRecord::SchemaMigration Load (0.1ms)[0m  SELECT "schema_migrations".* FROM "schema_migrations"
Migrating to CreateExceptionCanaryRules (20150609190337)
  [1m[36m (0.1ms)[0m  [1mbegin transaction[0m
  [1m[35m (0.5ms)[0m  CREATE TABLE "exception_canary_rules" ("id" INTEGER PRIMARY KEY AUTOINCREMENT NOT NULL, "name" varchar, "action" integer, "order" integer, "is_active" boolean DEFAULT 'f', "is_autogenerated" boolean DEFAULT 'f', "created_at" datetime NOT NULL, "updated_at" datetime NOT NULL) 
  [1m[36mSQL (0.1ms)[0m  [1mINSERT INTO "schema_migrations" ("version") VALUES (?)[0m  [["version", "20150609190337"]]
  [1m[35m (0.5ms)[0m  commit transaction
Migrating to CreateExceptionCanaryConditions (20150609191755)
  [1m[36m (0.0ms)[0m  [1mbegin transaction[0m
  [1m[35m (0.2ms)[0m  CREATE TABLE "exception_canary_conditions" ("id" INTEGER PRIMARY KEY AUTOINCREMENT NOT NULL, "rule_id" integer, "field" varchar, "field_value" varchar, "operation" varchar, "value" varchar, "created_at" datetime NOT NULL, "updated_at" datetime NOT NULL) 
  [1m[36mSQL (0.1ms)[0m  [1mINSERT INTO "schema_migrations" ("version") VALUES (?)[0m  [["version", "20150609191755"]]
  [1m[35m (0.4ms)[0m  commit transaction
Migrating to CreateExceptionCanaryConditionGroups (20150609202422)
  [1m[36m (0.0ms)[0m  [1mbegin transaction[0m
  [1m[35m (0.2ms)[0m  CREATE TABLE "exception_canary_condition_groups" ("id" INTEGER PRIMARY KEY AUTOINCREMENT NOT NULL, "rule_id" integer, "condition_group_id" integer, "operator" integer, "created_at" datetime NOT NULL, "updated_at" datetime NOT NULL) 
  [1m[36mSQL (0.1ms)[0m  [1mINSERT INTO "schema_migrations" ("version") VALUES (?)[0m  [["version", "20150609202422"]]
  [1m[35m (0.5ms)[0m  commit transaction
Migrating to CreateExceptionCanaryStoredExceptions (20150615201509)
  [1m[36mActiveRecord::SchemaMigration Load (0.1ms)[0m  [1mSELECT "schema_migrations".* FROM "schema_migrations"[0m
Migrating to CreateExceptionCanaryStoredExceptions (20150615201509)
  [1m[35m (0.0ms)[0m  begin transaction
  [1m[36m (0.3ms)[0m  [1mCREATE TABLE "exception_canary_stored_exceptions" ("id" INTEGER PRIMARY KEY AUTOINCREMENT NOT NULL, "title" varchar, "backtrace" varchar, "environment" varchar, "variables" varchar) [0m
  [1m[35mSQL (0.1ms)[0m  INSERT INTO "schema_migrations" ("version") VALUES (?)  [["version", "20150615201509"]]
  [1m[36m (1.1ms)[0m  [1mcommit transaction[0m
Migrating to CreateExceptionCanaryExceptionRules (20150615202305)
  [1m[36mActiveRecord::SchemaMigration Load (0.1ms)[0m  [1mSELECT "schema_migrations".* FROM "schema_migrations"[0m
Migrating to CreateExceptionCanaryExceptionRules (20150615202305)
  [1m[35m (0.1ms)[0m  begin transaction
  [1m[36m (0.4ms)[0m  [1mCREATE TABLE "exception_canary_exception_rules" ("id" INTEGER PRIMARY KEY AUTOINCREMENT NOT NULL, "exception_id" integer, "rule_id" integer) [0m
  [1m[35mSQL (0.1ms)[0m  INSERT INTO "schema_migrations" ("version") VALUES (?)  [["version", "20150615202305"]]
  [1m[36m (1.4ms)[0m  [1mcommit transaction[0m
  [1m[35mActiveRecord::SchemaMigration Load (0.1ms)[0m  SELECT "schema_migrations".* FROM "schema_migrations"
  [1m[36m (1.3ms)[0m  [1mCREATE TABLE "exception_canary_condition_groups" ("id" INTEGER PRIMARY KEY AUTOINCREMENT NOT NULL, "rule_id" integer, "condition_group_id" integer, "operator" integer, "created_at" datetime NOT NULL, "updated_at" datetime NOT NULL) [0m
  [1m[35m (0.6ms)[0m  CREATE TABLE "exception_canary_conditions" ("id" INTEGER PRIMARY KEY AUTOINCREMENT NOT NULL, "rule_id" integer, "field" varchar, "field_value" varchar, "operation" varchar, "value" varchar, "created_at" datetime NOT NULL, "updated_at" datetime NOT NULL) 
  [1m[36m (0.7ms)[0m  [1mCREATE TABLE "exception_canary_exception_rules" ("id" INTEGER PRIMARY KEY AUTOINCREMENT NOT NULL, "exception_id" integer, "rule_id" integer) [0m
  [1m[35m (0.6ms)[0m  CREATE TABLE "exception_canary_rules" ("id" INTEGER PRIMARY KEY AUTOINCREMENT NOT NULL, "name" varchar, "action" integer, "order" integer, "is_active" boolean DEFAULT 'f', "is_autogenerated" boolean DEFAULT 'f', "created_at" datetime NOT NULL, "updated_at" datetime NOT NULL) 
  [1m[36m (0.5ms)[0m  [1mCREATE TABLE "exception_canary_stored_exceptions" ("id" INTEGER PRIMARY KEY AUTOINCREMENT NOT NULL, "title" varchar, "backtrace" varchar, "environment" varchar, "variables" varchar) [0m
  [1m[35m (0.6ms)[0m  CREATE TABLE "schema_migrations" ("version" varchar NOT NULL) 
  [1m[36m (0.0ms)[0m  [1mselect sqlite_version(*)[0m
  [1m[35m (0.6ms)[0m  CREATE UNIQUE INDEX "unique_schema_migrations" ON "schema_migrations" ("version")
  [1m[36m (0.1ms)[0m  [1mSELECT version FROM "schema_migrations"[0m
  [1m[35m (0.5ms)[0m  INSERT INTO "schema_migrations" (version) VALUES ('20150615202305')
  [1m[36m (0.5ms)[0m  [1mINSERT INTO "schema_migrations" (version) VALUES ('20150609190337')[0m
  [1m[35m (0.5ms)[0m  INSERT INTO "schema_migrations" (version) VALUES ('20150609191755')
  [1m[36m (0.5ms)[0m  [1mINSERT INTO "schema_migrations" (version) VALUES ('20150609202422')[0m
  [1m[35m (0.5ms)[0m  INSERT INTO "schema_migrations" (version) VALUES ('20150615201509')
  [1m[36m (0.9ms)[0m  [1mCREATE TABLE "schema_migrations" ("version" varchar NOT NULL) [0m
  [1m[35m (0.1ms)[0m  select sqlite_version(*)
  [1m[36m (0.6ms)[0m  [1mCREATE UNIQUE INDEX "unique_schema_migrations" ON "schema_migrations" ("version")[0m
  [1m[35mActiveRecord::SchemaMigration Load (0.1ms)[0m  SELECT "schema_migrations".* FROM "schema_migrations"
Migrating to CreateExceptionCanaryRules (20150609190337)
  [1m[36m (0.1ms)[0m  [1mbegin transaction[0m
  [1m[35m (0.4ms)[0m  CREATE TABLE "exception_canary_rules" ("id" INTEGER PRIMARY KEY AUTOINCREMENT NOT NULL, "name" varchar, "action" integer, "order" integer, "is_active" boolean DEFAULT 'f', "is_autogenerated" boolean DEFAULT 'f', "created_at" datetime NOT NULL, "updated_at" datetime NOT NULL) 
  [1m[36mSQL (0.1ms)[0m  [1mINSERT INTO "schema_migrations" ("version") VALUES (?)[0m  [["version", "20150609190337"]]
  [1m[35m (0.5ms)[0m  commit transaction
Migrating to CreateExceptionCanaryConditions (20150609191755)
  [1m[36m (0.0ms)[0m  [1mbegin transaction[0m
  [1m[35m (0.3ms)[0m  CREATE TABLE "exception_canary_conditions" ("id" INTEGER PRIMARY KEY AUTOINCREMENT NOT NULL, "rule_id" integer, "field" varchar, "field_value" varchar, "operation" varchar, "value" varchar, "created_at" datetime NOT NULL, "updated_at" datetime NOT NULL) 
  [1m[36mSQL (0.1ms)[0m  [1mINSERT INTO "schema_migrations" ("version") VALUES (?)[0m  [["version", "20150609191755"]]
  [1m[35m (0.5ms)[0m  commit transaction
Migrating to CreateExceptionCanaryConditionGroups (20150609202422)
  [1m[36m (0.0ms)[0m  [1mbegin transaction[0m
  [1m[35m (0.2ms)[0m  CREATE TABLE "exception_canary_condition_groups" ("id" INTEGER PRIMARY KEY AUTOINCREMENT NOT NULL, "rule_id" integer, "condition_group_id" integer, "operator" integer, "created_at" datetime NOT NULL, "updated_at" datetime NOT NULL) 
  [1m[36mSQL (0.1ms)[0m  [1mINSERT INTO "schema_migrations" ("version") VALUES (?)[0m  [["version", "20150609202422"]]
  [1m[35m (0.5ms)[0m  commit transaction
Migrating to CreateExceptionCanaryStoredExceptions (20150615201509)
  [1m[36m (0.0ms)[0m  [1mbegin transaction[0m
  [1m[35m (0.2ms)[0m  CREATE TABLE "exception_canary_stored_exceptions" ("id" INTEGER PRIMARY KEY AUTOINCREMENT NOT NULL, "title" varchar, "backtrace" varchar, "environment" varchar, "variables" varchar, "klass" varchar) 
  [1m[36mSQL (0.1ms)[0m  [1mINSERT INTO "schema_migrations" ("version") VALUES (?)[0m  [["version", "20150615201509"]]
  [1m[35m (0.5ms)[0m  commit transaction
Migrating to CreateExceptionCanaryExceptionRules (20150615202305)
  [1m[36m (0.0ms)[0m  [1mbegin transaction[0m
  [1m[35m (0.2ms)[0m  CREATE TABLE "exception_canary_exception_rules" ("id" INTEGER PRIMARY KEY AUTOINCREMENT NOT NULL, "exception_id" integer, "rule_id" integer) 
  [1m[36mSQL (0.1ms)[0m  [1mINSERT INTO "schema_migrations" ("version") VALUES (?)[0m  [["version", "20150615202305"]]
  [1m[35m (0.5ms)[0m  commit transaction
  [1m[36mActiveRecord::SchemaMigration Load (0.1ms)[0m  [1mSELECT "schema_migrations".* FROM "schema_migrations"[0m
  [1m[36m (1.0ms)[0m  [1mCREATE TABLE "exception_canary_condition_groups" ("id" INTEGER PRIMARY KEY AUTOINCREMENT NOT NULL, "rule_id" integer, "condition_group_id" integer, "operator" integer, "created_at" datetime NOT NULL, "updated_at" datetime NOT NULL) [0m
  [1m[35m (0.9ms)[0m  CREATE TABLE "exception_canary_conditions" ("id" INTEGER PRIMARY KEY AUTOINCREMENT NOT NULL, "rule_id" integer, "field" varchar, "field_value" varchar, "operation" varchar, "value" varchar, "created_at" datetime NOT NULL, "updated_at" datetime NOT NULL) 
  [1m[36m (0.8ms)[0m  [1mCREATE TABLE "exception_canary_exception_rules" ("id" INTEGER PRIMARY KEY AUTOINCREMENT NOT NULL, "exception_id" integer, "rule_id" integer) [0m
  [1m[35m (0.7ms)[0m  CREATE TABLE "exception_canary_rules" ("id" INTEGER PRIMARY KEY AUTOINCREMENT NOT NULL, "name" varchar, "action" integer, "order" integer, "is_active" boolean DEFAULT 'f', "is_autogenerated" boolean DEFAULT 'f', "created_at" datetime NOT NULL, "updated_at" datetime NOT NULL) 
  [1m[36m (0.7ms)[0m  [1mCREATE TABLE "exception_canary_stored_exceptions" ("id" INTEGER PRIMARY KEY AUTOINCREMENT NOT NULL, "title" varchar, "backtrace" varchar, "environment" varchar, "variables" varchar, "klass" varchar) [0m
  [1m[35m (0.8ms)[0m  CREATE TABLE "schema_migrations" ("version" varchar NOT NULL) 
  [1m[36m (0.1ms)[0m  [1mselect sqlite_version(*)[0m
  [1m[35m (0.6ms)[0m  CREATE UNIQUE INDEX "unique_schema_migrations" ON "schema_migrations" ("version")
  [1m[36m (0.1ms)[0m  [1mSELECT version FROM "schema_migrations"[0m
  [1m[35m (0.6ms)[0m  INSERT INTO "schema_migrations" (version) VALUES ('20150615202305')
  [1m[36m (0.5ms)[0m  [1mINSERT INTO "schema_migrations" (version) VALUES ('20150609190337')[0m
  [1m[35m (0.6ms)[0m  INSERT INTO "schema_migrations" (version) VALUES ('20150609191755')
  [1m[36m (0.5ms)[0m  [1mINSERT INTO "schema_migrations" (version) VALUES ('20150609202422')[0m
  [1m[35m (0.5ms)[0m  INSERT INTO "schema_migrations" (version) VALUES ('20150615201509')
  [1m[36m (0.9ms)[0m  [1mCREATE TABLE "schema_migrations" ("version" varchar NOT NULL) [0m
  [1m[35m (0.0ms)[0m  select sqlite_version(*)
  [1m[36m (0.7ms)[0m  [1mCREATE UNIQUE INDEX "unique_schema_migrations" ON "schema_migrations" ("version")[0m
  [1m[35mActiveRecord::SchemaMigration Load (0.0ms)[0m  SELECT "schema_migrations".* FROM "schema_migrations"
Migrating to CreateExceptionCanaryRules (20150609190337)
  [1m[36m (0.1ms)[0m  [1mbegin transaction[0m
  [1m[35m (0.3ms)[0m  CREATE TABLE "exception_canary_rules" ("id" INTEGER PRIMARY KEY AUTOINCREMENT NOT NULL, "name" varchar, "action" integer, "order" integer, "is_active" boolean DEFAULT 'f', "is_autogenerated" boolean DEFAULT 'f', "created_at" datetime NOT NULL, "updated_at" datetime NOT NULL) 
  [1m[36mSQL (0.1ms)[0m  [1mINSERT INTO "schema_migrations" ("version") VALUES (?)[0m  [["version", "20150609190337"]]
  [1m[35m (0.6ms)[0m  commit transaction
Migrating to CreateExceptionCanaryConditions (20150609191755)
  [1m[36m (0.0ms)[0m  [1mbegin transaction[0m
  [1m[35m (0.3ms)[0m  CREATE TABLE "exception_canary_conditions" ("id" INTEGER PRIMARY KEY AUTOINCREMENT NOT NULL, "rule_id" integer, "condition_group_id" integer, "field" varchar, "field_value" varchar, "operation" varchar, "value" varchar, "created_at" datetime NOT NULL, "updated_at" datetime NOT NULL) 
  [1m[36mSQL (0.1ms)[0m  [1mINSERT INTO "schema_migrations" ("version") VALUES (?)[0m  [["version", "20150609191755"]]
  [1m[35m (0.5ms)[0m  commit transaction
Migrating to CreateExceptionCanaryConditionGroups (20150609202422)
  [1m[36m (0.1ms)[0m  [1mbegin transaction[0m
  [1m[35m (0.2ms)[0m  CREATE TABLE "exception_canary_condition_groups" ("id" INTEGER PRIMARY KEY AUTOINCREMENT NOT NULL, "rule_id" integer, "condition_group_id" integer, "operator" integer, "created_at" datetime NOT NULL, "updated_at" datetime NOT NULL) 
  [1m[36mSQL (0.1ms)[0m  [1mINSERT INTO "schema_migrations" ("version") VALUES (?)[0m  [["version", "20150609202422"]]
  [1m[35m (0.9ms)[0m  commit transaction
Migrating to CreateExceptionCanaryStoredExceptions (20150615201509)
  [1m[36m (0.0ms)[0m  [1mbegin transaction[0m
  [1m[35m (0.5ms)[0m  CREATE TABLE "exception_canary_stored_exceptions" ("id" INTEGER PRIMARY KEY AUTOINCREMENT NOT NULL, "title" varchar, "backtrace" varchar, "environment" varchar, "variables" varchar, "klass" varchar) 
  [1m[36mSQL (0.1ms)[0m  [1mINSERT INTO "schema_migrations" ("version") VALUES (?)[0m  [["version", "20150615201509"]]
  [1m[35m (0.7ms)[0m  commit transaction
Migrating to CreateExceptionCanaryExceptionRules (20150615202305)
  [1m[36m (0.0ms)[0m  [1mbegin transaction[0m
  [1m[35m (0.2ms)[0m  CREATE TABLE "exception_canary_exception_rules" ("id" INTEGER PRIMARY KEY AUTOINCREMENT NOT NULL, "exception_id" integer, "rule_id" integer) 
  [1m[36mSQL (0.1ms)[0m  [1mINSERT INTO "schema_migrations" ("version") VALUES (?)[0m  [["version", "20150615202305"]]
  [1m[35m (0.4ms)[0m  commit transaction
  [1m[36mActiveRecord::SchemaMigration Load (0.1ms)[0m  [1mSELECT "schema_migrations".* FROM "schema_migrations"[0m
  [1m[36m (1.0ms)[0m  [1mCREATE TABLE "exception_canary_condition_groups" ("id" INTEGER PRIMARY KEY AUTOINCREMENT NOT NULL, "rule_id" integer, "condition_group_id" integer, "operator" integer, "created_at" datetime NOT NULL, "updated_at" datetime NOT NULL) [0m
  [1m[35m (0.7ms)[0m  CREATE TABLE "exception_canary_conditions" ("id" INTEGER PRIMARY KEY AUTOINCREMENT NOT NULL, "rule_id" integer, "condition_group_id" integer, "field" varchar, "field_value" varchar, "operation" varchar, "value" varchar, "created_at" datetime NOT NULL, "updated_at" datetime NOT NULL) 
  [1m[36m (0.7ms)[0m  [1mCREATE TABLE "exception_canary_exception_rules" ("id" INTEGER PRIMARY KEY AUTOINCREMENT NOT NULL, "exception_id" integer, "rule_id" integer) [0m
  [1m[35m (0.7ms)[0m  CREATE TABLE "exception_canary_rules" ("id" INTEGER PRIMARY KEY AUTOINCREMENT NOT NULL, "name" varchar, "action" integer, "order" integer, "is_active" boolean DEFAULT 'f', "is_autogenerated" boolean DEFAULT 'f', "created_at" datetime NOT NULL, "updated_at" datetime NOT NULL) 
  [1m[36m (0.6ms)[0m  [1mCREATE TABLE "exception_canary_stored_exceptions" ("id" INTEGER PRIMARY KEY AUTOINCREMENT NOT NULL, "title" varchar, "backtrace" varchar, "environment" varchar, "variables" varchar, "klass" varchar) [0m
  [1m[35m (0.7ms)[0m  CREATE TABLE "schema_migrations" ("version" varchar NOT NULL) 
  [1m[36m (0.1ms)[0m  [1mselect sqlite_version(*)[0m
  [1m[35m (0.6ms)[0m  CREATE UNIQUE INDEX "unique_schema_migrations" ON "schema_migrations" ("version")
  [1m[36m (0.1ms)[0m  [1mSELECT version FROM "schema_migrations"[0m
  [1m[35m (0.6ms)[0m  INSERT INTO "schema_migrations" (version) VALUES ('20150615202305')
  [1m[36m (0.6ms)[0m  [1mINSERT INTO "schema_migrations" (version) VALUES ('20150609190337')[0m
  [1m[35m (0.6ms)[0m  INSERT INTO "schema_migrations" (version) VALUES ('20150609191755')
  [1m[36m (0.5ms)[0m  [1mINSERT INTO "schema_migrations" (version) VALUES ('20150609202422')[0m
  [1m[35m (0.5ms)[0m  INSERT INTO "schema_migrations" (version) VALUES ('20150615201509')
  [1m[36m (1.1ms)[0m  [1mCREATE TABLE "schema_migrations" ("version" varchar NOT NULL) [0m
  [1m[35m (0.1ms)[0m  select sqlite_version(*)
  [1m[36m (0.9ms)[0m  [1mCREATE UNIQUE INDEX "unique_schema_migrations" ON "schema_migrations" ("version")[0m
  [1m[35mActiveRecord::SchemaMigration Load (0.1ms)[0m  SELECT "schema_migrations".* FROM "schema_migrations"
Migrating to CreateExceptionCanaryRules (20150609190337)
  [1m[36m (0.0ms)[0m  [1mbegin transaction[0m
  [1m[35m (0.3ms)[0m  CREATE TABLE "exception_canary_rules" ("id" INTEGER PRIMARY KEY AUTOINCREMENT NOT NULL, "name" varchar, "action" integer, "order" integer, "is_active" boolean DEFAULT 'f', "is_autogenerated" boolean DEFAULT 'f', "created_at" datetime NOT NULL, "updated_at" datetime NOT NULL) 
  [1m[36mSQL (0.1ms)[0m  [1mINSERT INTO "schema_migrations" ("version") VALUES (?)[0m  [["version", "20150609190337"]]
  [1m[35m (0.5ms)[0m  commit transaction
Migrating to CreateExceptionCanaryConditions (20150609191755)
  [1m[36m (0.0ms)[0m  [1mbegin transaction[0m
  [1m[35m (0.2ms)[0m  CREATE TABLE "exception_canary_conditions" ("id" INTEGER PRIMARY KEY AUTOINCREMENT NOT NULL, "rule_id" integer, "condition_group_id" integer, "field" varchar, "field_value" varchar, "operation" varchar, "value" varchar, "created_at" datetime NOT NULL, "updated_at" datetime NOT NULL) 
  [1m[36mSQL (0.1ms)[0m  [1mINSERT INTO "schema_migrations" ("version") VALUES (?)[0m  [["version", "20150609191755"]]
  [1m[35m (0.5ms)[0m  commit transaction
Migrating to CreateExceptionCanaryConditionGroups (20150609202422)
  [1m[36m (0.0ms)[0m  [1mbegin transaction[0m
  [1m[35m (0.2ms)[0m  CREATE TABLE "exception_canary_condition_groups" ("id" INTEGER PRIMARY KEY AUTOINCREMENT NOT NULL, "rule_id" integer, "condition_group_id" integer, "operator" integer, "created_at" datetime NOT NULL, "updated_at" datetime NOT NULL) 
  [1m[36mSQL (0.1ms)[0m  [1mINSERT INTO "schema_migrations" ("version") VALUES (?)[0m  [["version", "20150609202422"]]
  [1m[35m (0.4ms)[0m  commit transaction
Migrating to CreateExceptionCanaryStoredExceptions (20150615201509)
  [1m[36m (0.0ms)[0m  [1mbegin transaction[0m
  [1m[35m (0.3ms)[0m  CREATE TABLE "exception_canary_stored_exceptions" ("id" INTEGER PRIMARY KEY AUTOINCREMENT NOT NULL, "title" varchar, "backtrace" varchar, "environment" varchar, "variables" varchar, "klass" varchar) 
  [1m[36mSQL (0.1ms)[0m  [1mINSERT INTO "schema_migrations" ("version") VALUES (?)[0m  [["version", "20150615201509"]]
  [1m[35m (0.6ms)[0m  commit transaction
Migrating to CreateExceptionCanaryStoredExceptionRules (20150615202305)
  [1m[36m (0.0ms)[0m  [1mbegin transaction[0m
  [1m[35m (0.2ms)[0m  CREATE TABLE "exception_canary_stored_exception_rules" ("id" INTEGER PRIMARY KEY AUTOINCREMENT NOT NULL, "stored_exception_id" integer, "rule_id" integer) 
  [1m[36mSQL (0.1ms)[0m  [1mINSERT INTO "schema_migrations" ("version") VALUES (?)[0m  [["version", "20150615202305"]]
  [1m[35m (0.5ms)[0m  commit transaction
  [1m[36mActiveRecord::SchemaMigration Load (0.1ms)[0m  [1mSELECT "schema_migrations".* FROM "schema_migrations"[0m
  [1m[36m (1.1ms)[0m  [1mCREATE TABLE "exception_canary_condition_groups" ("id" INTEGER PRIMARY KEY AUTOINCREMENT NOT NULL, "rule_id" integer, "condition_group_id" integer, "operator" integer, "created_at" datetime NOT NULL, "updated_at" datetime NOT NULL) [0m
  [1m[35m (0.7ms)[0m  CREATE TABLE "exception_canary_conditions" ("id" INTEGER PRIMARY KEY AUTOINCREMENT NOT NULL, "rule_id" integer, "condition_group_id" integer, "field" varchar, "field_value" varchar, "operation" varchar, "value" varchar, "created_at" datetime NOT NULL, "updated_at" datetime NOT NULL) 
  [1m[36m (0.8ms)[0m  [1mCREATE TABLE "exception_canary_rules" ("id" INTEGER PRIMARY KEY AUTOINCREMENT NOT NULL, "name" varchar, "action" integer, "order" integer, "is_active" boolean DEFAULT 'f', "is_autogenerated" boolean DEFAULT 'f', "created_at" datetime NOT NULL, "updated_at" datetime NOT NULL) [0m
  [1m[35m (0.6ms)[0m  CREATE TABLE "exception_canary_stored_exception_rules" ("id" INTEGER PRIMARY KEY AUTOINCREMENT NOT NULL, "stored_exception_id" integer, "rule_id" integer) 
  [1m[36m (0.6ms)[0m  [1mCREATE TABLE "exception_canary_stored_exceptions" ("id" INTEGER PRIMARY KEY AUTOINCREMENT NOT NULL, "title" varchar, "backtrace" varchar, "environment" varchar, "variables" varchar, "klass" varchar) [0m
  [1m[35m (0.8ms)[0m  CREATE TABLE "schema_migrations" ("version" varchar NOT NULL) 
  [1m[36m (0.1ms)[0m  [1mselect sqlite_version(*)[0m
  [1m[35m (0.6ms)[0m  CREATE UNIQUE INDEX "unique_schema_migrations" ON "schema_migrations" ("version")
  [1m[36m (0.1ms)[0m  [1mSELECT version FROM "schema_migrations"[0m
  [1m[35m (0.6ms)[0m  INSERT INTO "schema_migrations" (version) VALUES ('20150615202305')
  [1m[36m (0.5ms)[0m  [1mINSERT INTO "schema_migrations" (version) VALUES ('20150609190337')[0m
  [1m[35m (0.5ms)[0m  INSERT INTO "schema_migrations" (version) VALUES ('20150609191755')
  [1m[36m (0.5ms)[0m  [1mINSERT INTO "schema_migrations" (version) VALUES ('20150609202422')[0m
  [1m[35m (0.5ms)[0m  INSERT INTO "schema_migrations" (version) VALUES ('20150615201509')
  [1m[36m (1.2ms)[0m  [1mCREATE TABLE "schema_migrations" ("version" varchar NOT NULL) [0m
  [1m[35m (0.1ms)[0m  select sqlite_version(*)
  [1m[36m (1.1ms)[0m  [1mCREATE UNIQUE INDEX "unique_schema_migrations" ON "schema_migrations" ("version")[0m
  [1m[35mActiveRecord::SchemaMigration Load (0.1ms)[0m  SELECT "schema_migrations".* FROM "schema_migrations"
Migrating to CreateExceptionCanaryRules (20150609190337)
  [1m[36m (0.0ms)[0m  [1mbegin transaction[0m
  [1m[35m (0.3ms)[0m  CREATE TABLE "exception_canary_rules" ("id" INTEGER PRIMARY KEY AUTOINCREMENT NOT NULL, "name" varchar, "action" integer, "order" integer, "is_active" boolean DEFAULT 'f', "is_autogenerated" boolean DEFAULT 'f', "created_at" datetime NOT NULL, "updated_at" datetime NOT NULL) 
  [1m[36mSQL (0.1ms)[0m  [1mINSERT INTO "schema_migrations" ("version") VALUES (?)[0m  [["version", "20150609190337"]]
  [1m[35m (0.5ms)[0m  commit transaction
Migrating to CreateExceptionCanaryConditions (20150609191755)
  [1m[36m (0.0ms)[0m  [1mbegin transaction[0m
  [1m[35m (0.4ms)[0m  CREATE TABLE "exception_canary_conditions" ("id" INTEGER PRIMARY KEY AUTOINCREMENT NOT NULL, "rule_id" integer, "condition_group_id" integer, "field" varchar, "field_value" varchar, "operation" varchar, "value" varchar, "created_at" datetime NOT NULL, "updated_at" datetime NOT NULL) 
  [1m[36mSQL (0.1ms)[0m  [1mINSERT INTO "schema_migrations" ("version") VALUES (?)[0m  [["version", "20150609191755"]]
  [1m[35m (0.5ms)[0m  commit transaction
Migrating to CreateExceptionCanaryConditionGroups (20150609202422)
  [1m[36m (0.0ms)[0m  [1mbegin transaction[0m
  [1m[35m (0.2ms)[0m  CREATE TABLE "exception_canary_condition_groups" ("id" INTEGER PRIMARY KEY AUTOINCREMENT NOT NULL, "rule_id" integer, "condition_group_id" integer, "operator" integer, "created_at" datetime NOT NULL, "updated_at" datetime NOT NULL) 
  [1m[36mSQL (0.1ms)[0m  [1mINSERT INTO "schema_migrations" ("version") VALUES (?)[0m  [["version", "20150609202422"]]
  [1m[35m (0.5ms)[0m  commit transaction
Migrating to CreateExceptionCanaryStoredExceptions (20150615201509)
  [1m[36m (0.0ms)[0m  [1mbegin transaction[0m
  [1m[35m (0.2ms)[0m  CREATE TABLE "exception_canary_stored_exceptions" ("id" INTEGER PRIMARY KEY AUTOINCREMENT NOT NULL, "title" varchar, "backtrace" varchar, "environment" varchar, "variables" varchar, "klass" varchar) 
  [1m[36mSQL (0.1ms)[0m  [1mINSERT INTO "schema_migrations" ("version") VALUES (?)[0m  [["version", "20150615201509"]]
  [1m[35m (0.4ms)[0m  commit transaction
Migrating to CreateExceptionCanaryRulesStoredExceptions (20150615202305)
  [1m[36m (0.0ms)[0m  [1mbegin transaction[0m
  [1m[35m (0.2ms)[0m  CREATE TABLE "exception_canary_rules_stored_exceptions" ("id" INTEGER PRIMARY KEY AUTOINCREMENT NOT NULL, "rule_id" integer, "stored_exception_id" integer) 
  [1m[36mSQL (0.1ms)[0m  [1mINSERT INTO "schema_migrations" ("version") VALUES (?)[0m  [["version", "20150615202305"]]
  [1m[35m (0.5ms)[0m  commit transaction
  [1m[36mActiveRecord::SchemaMigration Load (0.1ms)[0m  [1mSELECT "schema_migrations".* FROM "schema_migrations"[0m
  [1m[36m (6.3ms)[0m  [1mCREATE TABLE "exception_canary_condition_groups" ("id" INTEGER PRIMARY KEY AUTOINCREMENT NOT NULL, "rule_id" integer, "condition_group_id" integer, "operator" integer, "created_at" datetime NOT NULL, "updated_at" datetime NOT NULL) [0m
  [1m[35m (0.9ms)[0m  CREATE TABLE "exception_canary_conditions" ("id" INTEGER PRIMARY KEY AUTOINCREMENT NOT NULL, "rule_id" integer, "condition_group_id" integer, "field" varchar, "field_value" varchar, "operation" varchar, "value" varchar, "created_at" datetime NOT NULL, "updated_at" datetime NOT NULL) 
  [1m[36m (1.5ms)[0m  [1mCREATE TABLE "exception_canary_rules" ("id" INTEGER PRIMARY KEY AUTOINCREMENT NOT NULL, "name" varchar, "action" integer, "order" integer, "is_active" boolean DEFAULT 'f', "is_autogenerated" boolean DEFAULT 'f', "created_at" datetime NOT NULL, "updated_at" datetime NOT NULL) [0m
  [1m[35m (1.2ms)[0m  CREATE TABLE "exception_canary_rules_stored_exceptions" ("id" INTEGER PRIMARY KEY AUTOINCREMENT NOT NULL, "rule_id" integer, "stored_exception_id" integer) 
  [1m[36m (0.9ms)[0m  [1mCREATE TABLE "exception_canary_stored_exceptions" ("id" INTEGER PRIMARY KEY AUTOINCREMENT NOT NULL, "title" varchar, "backtrace" varchar, "environment" varchar, "variables" varchar, "klass" varchar) [0m
  [1m[35m (1.4ms)[0m  CREATE TABLE "schema_migrations" ("version" varchar NOT NULL) 
  [1m[36m (0.1ms)[0m  [1mselect sqlite_version(*)[0m
  [1m[35m (0.8ms)[0m  CREATE UNIQUE INDEX "unique_schema_migrations" ON "schema_migrations" ("version")
  [1m[36m (0.1ms)[0m  [1mSELECT version FROM "schema_migrations"[0m
  [1m[35m (0.6ms)[0m  INSERT INTO "schema_migrations" (version) VALUES ('20150615202305')
  [1m[36m (0.6ms)[0m  [1mINSERT INTO "schema_migrations" (version) VALUES ('20150609190337')[0m
  [1m[35m (0.7ms)[0m  INSERT INTO "schema_migrations" (version) VALUES ('20150609191755')
  [1m[36m (0.6ms)[0m  [1mINSERT INTO "schema_migrations" (version) VALUES ('20150609202422')[0m
  [1m[35m (0.6ms)[0m  INSERT INTO "schema_migrations" (version) VALUES ('20150615201509')
  [1m[36m (0.9ms)[0m  [1mCREATE TABLE "exception_canary_condition_groups" ("id" INTEGER PRIMARY KEY AUTOINCREMENT NOT NULL, "rule_id" integer, "condition_group_id" integer, "operator" integer, "created_at" datetime NOT NULL, "updated_at" datetime NOT NULL) [0m
  [1m[35m (0.7ms)[0m  CREATE TABLE "exception_canary_conditions" ("id" INTEGER PRIMARY KEY AUTOINCREMENT NOT NULL, "rule_id" integer, "condition_group_id" integer, "field" varchar, "field_value" varchar, "operation" varchar, "value" varchar, "created_at" datetime NOT NULL, "updated_at" datetime NOT NULL) 
  [1m[36m (0.9ms)[0m  [1mCREATE TABLE "exception_canary_rules" ("id" INTEGER PRIMARY KEY AUTOINCREMENT NOT NULL, "name" varchar, "action" integer, "order" integer, "is_active" boolean DEFAULT 'f', "is_autogenerated" boolean DEFAULT 'f', "created_at" datetime NOT NULL, "updated_at" datetime NOT NULL) [0m
  [1m[35m (0.6ms)[0m  CREATE TABLE "exception_canary_rules_stored_exceptions" ("id" INTEGER PRIMARY KEY AUTOINCREMENT NOT NULL, "rule_id" integer, "stored_exception_id" integer) 
  [1m[36m (0.7ms)[0m  [1mCREATE TABLE "exception_canary_stored_exceptions" ("id" INTEGER PRIMARY KEY AUTOINCREMENT NOT NULL, "title" varchar, "backtrace" varchar, "environment" varchar, "variables" varchar, "klass" varchar) [0m
  [1m[35m (1.0ms)[0m  CREATE TABLE "schema_migrations" ("version" varchar NOT NULL) 
  [1m[36m (0.1ms)[0m  [1mselect sqlite_version(*)[0m
  [1m[35m (0.6ms)[0m  CREATE UNIQUE INDEX "unique_schema_migrations" ON "schema_migrations" ("version")
  [1m[36m (0.1ms)[0m  [1mSELECT version FROM "schema_migrations"[0m
  [1m[35m (0.6ms)[0m  INSERT INTO "schema_migrations" (version) VALUES ('20150615202305')
  [1m[36m (0.5ms)[0m  [1mINSERT INTO "schema_migrations" (version) VALUES ('20150609190337')[0m
  [1m[35m (0.5ms)[0m  INSERT INTO "schema_migrations" (version) VALUES ('20150609191755')
  [1m[36m (0.5ms)[0m  [1mINSERT INTO "schema_migrations" (version) VALUES ('20150609202422')[0m
  [1m[35m (0.4ms)[0m  INSERT INTO "schema_migrations" (version) VALUES ('20150615201509')
  [1m[36mActiveRecord::SchemaMigration Load (0.1ms)[0m  [1mSELECT "schema_migrations".* FROM "schema_migrations"[0m
  [1m[36mActiveRecord::SchemaMigration Load (0.1ms)[0m  [1mSELECT "schema_migrations".* FROM "schema_migrations"[0m
  [1m[35mActiveRecord::SchemaMigration Load (0.1ms)[0m  SELECT "schema_migrations".* FROM "schema_migrations"
  [1m[36mActiveRecord::SchemaMigration Load (0.1ms)[0m  [1mSELECT "schema_migrations".* FROM "schema_migrations"[0m
  [1m[35mActiveRecord::SchemaMigration Load (0.1ms)[0m  SELECT "schema_migrations".* FROM "schema_migrations"
  [1m[36mActiveRecord::SchemaMigration Load (0.1ms)[0m  [1mSELECT "schema_migrations".* FROM "schema_migrations"[0m
  [1m[35mActiveRecord::SchemaMigration Load (0.1ms)[0m  SELECT "schema_migrations".* FROM "schema_migrations"
  [1m[36mActiveRecord::SchemaMigration Load (0.1ms)[0m  [1mSELECT "schema_migrations".* FROM "schema_migrations"[0m
  [1m[35mActiveRecord::SchemaMigration Load (0.1ms)[0m  SELECT "schema_migrations".* FROM "schema_migrations"
  [1m[36m (1.7ms)[0m  [1mCREATE TABLE "schema_migrations" ("version" varchar NOT NULL) [0m
  [1m[35m (0.1ms)[0m  select sqlite_version(*)
  [1m[36m (0.8ms)[0m  [1mCREATE UNIQUE INDEX "unique_schema_migrations" ON "schema_migrations" ("version")[0m
  [1m[35mActiveRecord::SchemaMigration Load (0.1ms)[0m  SELECT "schema_migrations".* FROM "schema_migrations"
Migrating to CreateExceptionCanaryRules (20150609190337)
  [1m[36m (0.1ms)[0m  [1mbegin transaction[0m
  [1m[35m (0.5ms)[0m  CREATE TABLE "exception_canary_rules" ("id" INTEGER PRIMARY KEY AUTOINCREMENT NOT NULL, "name" varchar, "action" integer, "match_type" integer, "value" varchar, "is_active" boolean DEFAULT 'f', "created_at" datetime NOT NULL, "updated_at" datetime NOT NULL) 
  [1m[36mSQL (0.1ms)[0m  [1mINSERT INTO "schema_migrations" ("version") VALUES (?)[0m  [["version", "20150609190337"]]
  [1m[35m (0.5ms)[0m  commit transaction
Migrating to CreateExceptionCanaryStoredExceptions (20150615201509)
  [1m[36m (0.0ms)[0m  [1mbegin transaction[0m
  [1m[35m (0.4ms)[0m  CREATE TABLE "exception_canary_stored_exceptions" ("id" INTEGER PRIMARY KEY AUTOINCREMENT NOT NULL, "title" varchar, "backtrace" varchar, "environment" varchar, "variables" varchar, "klass" varchar) 
  [1m[36mSQL (0.1ms)[0m  [1mINSERT INTO "schema_migrations" ("version") VALUES (?)[0m  [["version", "20150615201509"]]
  [1m[35m (0.5ms)[0m  commit transaction
Migrating to CreateExceptionCanaryRulesStoredExceptions (20150615202305)
  [1m[36m (0.0ms)[0m  [1mbegin transaction[0m
  [1m[35m (0.2ms)[0m  CREATE TABLE "exception_canary_rules_stored_exceptions" ("id" INTEGER PRIMARY KEY AUTOINCREMENT NOT NULL, "rule_id" integer, "stored_exception_id" integer) 
  [1m[36mSQL (0.1ms)[0m  [1mINSERT INTO "schema_migrations" ("version") VALUES (?)[0m  [["version", "20150615202305"]]
  [1m[35m (0.5ms)[0m  commit transaction
  [1m[36mActiveRecord::SchemaMigration Load (0.1ms)[0m  [1mSELECT "schema_migrations".* FROM "schema_migrations"[0m
  [1m[36m (1.2ms)[0m  [1mCREATE TABLE "exception_canary_rules" ("id" INTEGER PRIMARY KEY AUTOINCREMENT NOT NULL, "name" varchar, "action" integer, "match_type" integer, "value" varchar, "is_active" boolean DEFAULT 'f', "created_at" datetime NOT NULL, "updated_at" datetime NOT NULL) [0m
  [1m[35m (0.6ms)[0m  CREATE TABLE "exception_canary_rules_stored_exceptions" ("id" INTEGER PRIMARY KEY AUTOINCREMENT NOT NULL, "rule_id" integer, "stored_exception_id" integer) 
  [1m[36m (0.9ms)[0m  [1mCREATE TABLE "exception_canary_stored_exceptions" ("id" INTEGER PRIMARY KEY AUTOINCREMENT NOT NULL, "title" varchar, "backtrace" varchar, "environment" varchar, "variables" varchar, "klass" varchar) [0m
  [1m[35m (0.9ms)[0m  CREATE TABLE "schema_migrations" ("version" varchar NOT NULL) 
  [1m[36m (0.1ms)[0m  [1mselect sqlite_version(*)[0m
  [1m[35m (0.7ms)[0m  CREATE UNIQUE INDEX "unique_schema_migrations" ON "schema_migrations" ("version")
  [1m[36m (0.1ms)[0m  [1mSELECT version FROM "schema_migrations"[0m
  [1m[35m (0.6ms)[0m  INSERT INTO "schema_migrations" (version) VALUES ('20150615202305')
  [1m[36m (0.5ms)[0m  [1mINSERT INTO "schema_migrations" (version) VALUES ('20150609190337')[0m
  [1m[35m (0.6ms)[0m  INSERT INTO "schema_migrations" (version) VALUES ('20150615201509')
  [1m[36m (1.8ms)[0m  [1mCREATE TABLE "schema_migrations" ("version" varchar NOT NULL) [0m
  [1m[35m (0.1ms)[0m  select sqlite_version(*)
  [1m[36m (0.8ms)[0m  [1mCREATE UNIQUE INDEX "unique_schema_migrations" ON "schema_migrations" ("version")[0m
  [1m[35mActiveRecord::SchemaMigration Load (0.1ms)[0m  SELECT "schema_migrations".* FROM "schema_migrations"
Migrating to CreateExceptionCanaryRules (20150609190337)
  [1m[36m (0.0ms)[0m  [1mbegin transaction[0m
  [1m[35m (0.3ms)[0m  CREATE TABLE "exception_canary_rules" ("id" INTEGER PRIMARY KEY AUTOINCREMENT NOT NULL, "name" varchar, "action" integer, "match_type" integer, "value" varchar, "is_active" boolean DEFAULT 'f', "created_at" datetime NOT NULL, "updated_at" datetime NOT NULL) 
  [1m[36mSQL (0.1ms)[0m  [1mINSERT INTO "schema_migrations" ("version") VALUES (?)[0m  [["version", "20150609190337"]]
  [1m[35m (0.5ms)[0m  commit transaction
Migrating to CreateExceptionCanaryStoredExceptions (20150615201509)
  [1m[36m (0.0ms)[0m  [1mbegin transaction[0m
  [1m[35m (0.2ms)[0m  CREATE TABLE "exception_canary_stored_exceptions" ("id" INTEGER PRIMARY KEY AUTOINCREMENT NOT NULL, "rule_id" integer, "title" varchar, "backtrace" varchar, "environment" varchar, "variables" varchar, "klass" varchar) 
  [1m[36mSQL (0.1ms)[0m  [1mINSERT INTO "schema_migrations" ("version") VALUES (?)[0m  [["version", "20150615201509"]]
  [1m[35m (0.5ms)[0m  commit transaction
  [1m[36mActiveRecord::SchemaMigration Load (0.1ms)[0m  [1mSELECT "schema_migrations".* FROM "schema_migrations"[0m
  [1m[36m (2.3ms)[0m  [1mCREATE TABLE "exception_canary_rules" ("id" INTEGER PRIMARY KEY AUTOINCREMENT NOT NULL, "name" varchar, "action" integer, "match_type" integer, "value" varchar, "is_active" boolean DEFAULT 'f', "created_at" datetime NOT NULL, "updated_at" datetime NOT NULL) [0m
  [1m[35m (0.9ms)[0m  CREATE TABLE "exception_canary_stored_exceptions" ("id" INTEGER PRIMARY KEY AUTOINCREMENT NOT NULL, "rule_id" integer, "title" varchar, "backtrace" varchar, "environment" varchar, "variables" varchar, "klass" varchar) 
  [1m[36m (0.7ms)[0m  [1mCREATE TABLE "schema_migrations" ("version" varchar NOT NULL) [0m
  [1m[35m (0.1ms)[0m  select sqlite_version(*)
  [1m[36m (0.7ms)[0m  [1mCREATE UNIQUE INDEX "unique_schema_migrations" ON "schema_migrations" ("version")[0m
  [1m[35m (0.1ms)[0m  SELECT version FROM "schema_migrations"
  [1m[36m (0.5ms)[0m  [1mINSERT INTO "schema_migrations" (version) VALUES ('20150615201509')[0m
  [1m[35m (0.6ms)[0m  INSERT INTO "schema_migrations" (version) VALUES ('20150609190337')
